[Licensing::Module] Trying to connect to existing licensing client channel...
[Licensing::IpcConnector] Successfully connected to: "LicenseClient-Josef" at "2026-04-16T02:22:59.9634906Z"
Built from '6000.0/respin/6000.0.73f1-3ad55a55f786' branch; Version is '6000.0.73f1 (a166abc3bf0e) revision 10577579'; Using compiler version '193933523'; Build Type 'Release'
OS: 'Windows 11  (10.0.26200) Core' Language: 'en' Physical Memory: 15676 MB
BatchMode: 1, IsHumanControllingUs: 0, StartBugReporterOnCrash: 0, Is64bit: 1
System  architecture: x64
Process architecture: x64
Date: 2026-04-16T02:22:59Z

COMMAND LINE ARGUMENTS:
C:\Program Files\Unity\Hub\Editor\6000.0.73f1\Editor\Unity.exe
-adb2
-batchMode
-noUpm
-name
AssetImportWorker3
-projectPath
C:/Users/Josef/Documents/Guilty Gear Decomp 6.0
-logFile
Logs/AssetImportWorker3.log
-srvPort
60417
-licensingIpc
LicenseClient-Josef
-job-worker-count
5
-background-job-worker-count
8
-gc-helper-count
1
-name
AssetImport
Successfully changed project path to: C:/Users/Josef/Documents/Guilty Gear Decomp 6.0
C:/Users/Josef/Documents/Guilty Gear Decomp 6.0
[UnityMemory] Configuration Parameters - Can be set up in boot.config
    "memorysetup-bucket-allocator-granularity=16"
    "memorysetup-bucket-allocator-bucket-count=8"
    "memorysetup-bucket-allocator-block-size=33554432"
    "memorysetup-bucket-allocator-block-count=8"
    "memorysetup-main-allocator-block-size=16777216"
    "memorysetup-thread-allocator-block-size=16777216"
    "memorysetup-gfx-main-allocator-block-size=16777216"
    "memorysetup-gfx-thread-allocator-block-size=16777216"
    "memorysetup-cache-allocator-block-size=4194304"
    "memorysetup-typetree-allocator-block-size=2097152"
    "memorysetup-profiler-bucket-allocator-granularity=16"
    "memorysetup-profiler-bucket-allocator-bucket-count=8"
    "memorysetup-profiler-bucket-allocator-block-size=33554432"
    "memorysetup-profiler-bucket-allocator-block-count=8"
    "memorysetup-profiler-allocator-block-size=16777216"
    "memorysetup-profiler-editor-allocator-block-size=1048576"
    "memorysetup-temp-allocator-size-main=16777216"
    "memorysetup-job-temp-allocator-block-size=2097152"
    "memorysetup-job-temp-allocator-block-size-background=1048576"
    "memorysetup-job-temp-allocator-reduction-small-platforms=262144"
    "memorysetup-allocator-temp-initial-block-size-main=262144"
    "memorysetup-allocator-temp-initial-block-size-worker=262144"
    "memorysetup-temp-allocator-size-background-worker=32768"
    "memorysetup-temp-allocator-size-job-worker=262144"
    "memorysetup-temp-allocator-size-preload-manager=33554432"
    "memorysetup-temp-allocator-size-nav-mesh-worker=65536"
    "memorysetup-temp-allocator-size-audio-worker=65536"
    "memorysetup-temp-allocator-size-cloud-worker=32768"
    "memorysetup-temp-allocator-size-gi-baking-worker=262144"
    "memorysetup-temp-allocator-size-gi-baking-worker=262144"
    "memorysetup-temp-allocator-size-gi-baking-worker=262144"
    "memorysetup-temp-allocator-size-gi-baking-worker=262144"
    "memorysetup-temp-allocator-size-gi-baking-worker=262144"
    "memorysetup-temp-allocator-size-gfx=262144"
Player connection [27912]  Target information:

Player connection [27912]  * "[IP] 192.168.0.134 [Port] 0 [Flags] 2 [Guid] 626035351 [EditorId] 626035351 [Version] 1048832 [Id] WindowsEditor(7,DESKTOP-S2BKC1T) [Debug] 1 [PackageName] WindowsEditor [ProjectName] Editor" 

Player connection [27912] Host joined multi-casting on [225.0.0.222:54997]...
Player connection [27912] Host joined alternative multi-casting on [225.0.0.222:34997]...
JobSystem: Creating JobQueue using job-worker-count value 5
Input System module state changed to: Initialized.
[Physics::Module] Initialized fallback backend.
[Physics::Module] Id: 0xdecafbad
Library Redirect Path: Library/
[Physics::Module] Selected backend.
[Physics::Module] Name: PhysX
[Physics::Module] Id: 0xf2b8ea05
[Physics::Module] SDK Version: 4.1.2
[Physics::Module] Integration Version: 1.0.0
[Physics::Module] Threading Mode: Multi-Threaded
Refreshing native plugins compatible for Editor in 11.14 ms, found 4 plugins.
Preloading 0 native plugins for Editor in 0.00 ms.
Initialize engine version: 6000.0.73f1 (a166abc3bf0e)
[Subsystems] Discovering subsystems at path C:/Program Files/Unity/Hub/Editor/6000.0.73f1/Editor/Data/Resources/UnitySubsystems
[Subsystems] Discovering subsystems at path C:/Users/Josef/Documents/Guilty Gear Decomp 6.0/Assets
GfxDevice: creating device client; kGfxThreadingModeNonThreaded
Direct3D:
    Version:  Direct3D 11.0 [level 11.1]
    Renderer: AMD Radeon(TM) 760M (ID=0x15bf)
    Vendor:   ATI
    VRAM:     7838 MB
    Driver:   32.0.12060.1002
Initialize mono
Mono path[0] = 'C:/Program Files/Unity/Hub/Editor/6000.0.73f1/Editor/Data/Managed'
Mono path[1] = 'C:/Program Files/Unity/Hub/Editor/6000.0.73f1/Editor/Data/MonoBleedingEdge/lib/mono/unityjit-win32'
Mono config path = 'C:/Program Files/Unity/Hub/Editor/6000.0.73f1/Editor/Data/MonoBleedingEdge/etc'
Using monoOptions --debugger-agent=transport=dt_socket,embedding=1,server=y,suspend=n,address=127.0.0.1:56512
Begin MonoManager ReloadAssembly
Registering precompiled unity dll's ...
Register platform support module: C:/Program Files/Unity/Hub/Editor/6000.0.73f1/Editor/Data/PlaybackEngines/WindowsStandaloneSupport/UnityEditor.WindowsStandalone.Extensions.dll
[Licensing::Module] Licensing is not yet initialized.
[Licensing::Client] Handshaking with LicensingClient:
  Version:                 1.17.4+4293ba1
  Session Id:              fd5a61aacede49cc8edb3ea422a8c8ba
  Correlation Id:          96e1e300651fd0d943b6ff4294b364a0
  External correlation Id: 6324004421619712256
  Machine Id:              jnNTErGA/sWFclpoporpfO+iKWU=
[Licensing::Module] Successfully connected to LicensingClient on channel: "LicenseClient-Josef" (connect: 0.00s, validation: 0.00s, handshake: 1.74s)
[Licensing::IpcConnector] Successfully connected to: "LicenseClient-Josef-notifications" at "2026-04-16T02:23:01.7042282Z"
[Licensing::Module] Licensing Background thread has ended after 1.74s
[Licensing::Module] Licensing is initialized (took 1.24s).
[Licensing::Client] Successfully resolved entitlement details
[Licensing::Module] License group:
  Id: F4-KS8T-NN4C-NS72-FWGR-XXXX
  Product: Unity Personal
  Type: ULF
  Expiration: Unlimited
[Licensing::Module] License group:
  Id: 2474599801285-UnityPersXXXX
  Product: Unity Personal
  Type: Assigned
  Expiration: Unlimited
Register platform support module: C:/Program Files/Unity/Hub/Editor/6000.0.73f1/Editor/Data/PlaybackEngines/AndroidPlayer/UnityEditor.Android.Extensions.dll
Registered in 1.247268 seconds.
- Loaded All Assemblies, in  1.564 seconds
Native extension for Android target not found
Android Extension - Scanning For ADB Devices 221 ms
Native extension for WindowsStandalone target not found
Package Manager log level set to [2]
[Package Manager] Failed to launch server process. Reason: Unity was launched with the -noUpm command-line argument
[Package Manager] Unable to send message (not connected to server process).
[Package Manager] Cannot connect to Unity Package Manager local server
Mono: successfully reloaded assembly
- Finished resetting the current domain, in  0.521 seconds
Domain Reload Profiling: 2084ms
	BeginReloadAssembly (116ms)
		ExecutionOrderSort (0ms)
		DisableScriptedObjects (0ms)
		BackupInstance (0ms)
		ReleaseScriptingObjects (0ms)
		CreateAndSetChildDomain (1ms)
	RebuildCommonClasses (28ms)
	RebuildNativeTypeToScriptingClass (9ms)
	initialDomainReloadingComplete (1281ms)
	LoadAllAssembliesAndSetupDomain (128ms)
		LoadAssemblies (116ms)
		RebuildTransferFunctionScriptingTraits (0ms)
		AnalyzeDomain (123ms)
			TypeCache.Refresh (122ms)
				TypeCache.ScanAssembly (109ms)
			BuildScriptInfoCaches (0ms)
			ResolveRequiredComponents (1ms)
	FinalizeReload (522ms)
		ReleaseScriptCaches (0ms)
		RebuildScriptCaches (0ms)
		SetupLoadedEditorAssemblies (486ms)
			LogAssemblyErrors (0ms)
			InitializePlatformSupportModulesInManaged (301ms)
			SetLoadedEditorAssemblies (3ms)
			BeforeProcessingInitializeOnLoad (44ms)
			ProcessInitializeOnLoadAttributes (97ms)
			ProcessInitializeOnLoadMethodAttributes (41ms)
			AfterProcessingInitializeOnLoad (0ms)
			EditorAssembliesLoaded (0ms)
		ExecutionOrderSort2 (0ms)
		AwakeInstancesAfterBackupRestoration (0ms)
========================================================================
Worker process is ready to serve import requests
Import Worker Mode flag is 0x00
Begin MonoManager ReloadAssembly
[Licensing::Client] Successfully resolved entitlement details
[Licensing::Module] License group:
  Id: F4-KS8T-NN4C-NS72-FWGR-XXXX
  Product: Unity Personal
  Type: ULF
  Expiration: Unlimited
[Licensing::Module] License group:
  Id: 2474599801285-UnityPersXXXX
  Product: Unity Personal
  Type: Assigned
  Expiration: Unlimited
Symbol file LoadedFromMemory is not a mono symbol file
- Loaded All Assemblies, in  0.637 seconds
Could not load signature of SoundCRI:getPlayer due to: Could not resolve type with token 01000055 from typeref (expected class 'CriAtomExPlayer' in assembly 'Assembly-CSharp-firstpass, Version=0.0.0.0, Culture=neutral, PublicKeyToken=null') assembly:Assembly-CSharp-firstpass, Version=0.0.0.0, Culture=neutral, PublicKeyToken=null type:CriAtomExPlayer member:(null)
Could not load signature of EkisyoCRI:getPlayer due to: Could not resolve type with token 01000027 from typeref (expected class 'CriManaPlayer' in assembly 'Assembly-CSharp-firstpass, Version=0.0.0.0, Culture=neutral, PublicKeyToken=null') assembly:Assembly-CSharp-firstpass, Version=0.0.0.0, Culture=neutral, PublicKeyToken=null type:CriManaPlayer member:(null)
Could not load signature of EkisyoCRI:getStatus due to: Could not resolve type with token 01000027 from typeref (expected class 'CriManaPlayer' in assembly 'Assembly-CSharp-firstpass, Version=0.0.0.0, Culture=neutral, PublicKeyToken=null') assembly:Assembly-CSharp-firstpass, Version=0.0.0.0, Culture=neutral, PublicKeyToken=null type:CriManaPlayer member:(null)
Refreshing native plugins compatible for Editor in 5.78 ms, found 4 plugins.
Could not load signature of SoundCRI:getPlayer due to: Could not resolve type with token 01000055 from typeref (expected class 'CriAtomExPlayer' in assembly 'Assembly-CSharp-firstpass, Version=0.0.0.0, Culture=neutral, PublicKeyToken=null') assembly:Assembly-CSharp-firstpass, Version=0.0.0.0, Culture=neutral, PublicKeyToken=null type:CriAtomExPlayer member:(null)
Could not load signature of EkisyoCRI:getPlayer due to: Could not resolve type with token 01000027 from typeref (expected class 'CriManaPlayer' in assembly 'Assembly-CSharp-firstpass, Version=0.0.0.0, Culture=neutral, PublicKeyToken=null') assembly:Assembly-CSharp-firstpass, Version=0.0.0.0, Culture=neutral, PublicKeyToken=null type:CriManaPlayer member:(null)
Could not load signature of EkisyoCRI:getStatus due to: Could not resolve type with token 01000027 from typeref (expected class 'CriManaPlayer' in assembly 'Assembly-CSharp-firstpass, Version=0.0.0.0, Culture=neutral, PublicKeyToken=null') assembly:Assembly-CSharp-firstpass, Version=0.0.0.0, Culture=neutral, PublicKeyToken=null type:CriManaPlayer member:(null)
Native extension for Android target not found
Native extension for WindowsStandalone target not found
[Package Manager] Failed to launch server process. Reason: Unity was launched with the -noUpm command-line argument
[Package Manager] Unable to send message (not connected to server process).
[Package Manager] Cannot connect to Unity Package Manager local server
[Package Manager] Failed to launch server process. Reason: Unity was launched with the -noUpm command-line argument
[Package Manager] Unable to send message (not connected to server process).
[Package Manager] Cannot connect to Unity Package Manager local server
Mono: successfully reloaded assembly
- Finished resetting the current domain, in  0.496 seconds
Domain Reload Profiling: 1131ms
	BeginReloadAssembly (137ms)
		ExecutionOrderSort (0ms)
		DisableScriptedObjects (4ms)
		BackupInstance (0ms)
		ReleaseScriptingObjects (0ms)
		CreateAndSetChildDomain (28ms)
	RebuildCommonClasses (32ms)
	RebuildNativeTypeToScriptingClass (9ms)
	initialDomainReloadingComplete (20ms)
	LoadAllAssembliesAndSetupDomain (436ms)
		LoadAssemblies (384ms)
		RebuildTransferFunctionScriptingTraits (0ms)
		AnalyzeDomain (124ms)
			TypeCache.Refresh (90ms)
				TypeCache.ScanAssembly (76ms)
			BuildScriptInfoCaches (27ms)
			ResolveRequiredComponents (3ms)
	FinalizeReload (497ms)
		ReleaseScriptCaches (0ms)
		RebuildScriptCaches (0ms)
		SetupLoadedEditorAssemblies (403ms)
			LogAssemblyErrors (0ms)
			InitializePlatformSupportModulesInManaged (9ms)
			SetLoadedEditorAssemblies (3ms)
			BeforeProcessingInitializeOnLoad (72ms)
			ProcessInitializeOnLoadAttributes (199ms)
			ProcessInitializeOnLoadMethodAttributes (114ms)
			AfterProcessingInitializeOnLoad (4ms)
			EditorAssembliesLoaded (0ms)
		ExecutionOrderSort2 (0ms)
		AwakeInstancesAfterBackupRestoration (4ms)
Launched and connected shader compiler UnityShaderCompiler.exe after 0.01 seconds
Refreshing native plugins compatible for Editor in 7.58 ms, found 4 plugins.
Preloading 0 native plugins for Editor in 0.00 ms.
Unloading 0 Unused Serialized files (Serialized files now loaded: 0)
Unloading 3729 unused Assets / (1.1 MB). Loaded Objects now: 4216.
Memory consumption went from 88.5 MB to 87.4 MB.
Total: 9.658000 ms (FindLiveObjects: 0.423900 ms CreateObjectMapping: 0.225300 ms MarkObjects: 7.655200 ms  DeleteObjects: 1.352300 ms)

========================================================================
Received Import Request.
  Time since last request: 10296.278258 seconds.
  path: Assets/Resources/prefab/halllamp/lamp1.prefab
  artifactKey: Guid(3c4217f67d839a9429a8a6cd64be0836) Importer(815301076,1909f56bfc062723c751e8b465ee728b)
Start importing Assets/Resources/prefab/halllamp/lamp1.prefab using Guid(3c4217f67d839a9429a8a6cd64be0836) Importer(815301076,1909f56bfc062723c751e8b465ee728b) (PreviewImporter) -> (artifact id: '63f521f50547ef90f0017528e470cec1') in 0.0371717 seconds
Number of updated asset objects reloaded before import = 0Number of asset objects unloaded after import = 9

========================================================================
Received Import Request.
  Time since last request: 26.259166 seconds.
  path: Assets/Avatar/eska_danAvatar.asset
  artifactKey: Guid(3750fcf8f08b33447b79ab2d7e69155a) Importer(815301076,1909f56bfc062723c751e8b465ee728b)
Start importing Assets/Avatar/eska_danAvatar.asset using Guid(3750fcf8f08b33447b79ab2d7e69155a) Importer(815301076,1909f56bfc062723c751e8b465ee728b) (PreviewImporter) -> (artifact id: 'ecf4ba04d9a799babfb8aad0451834e5') in 0.0018667 seconds
Number of updated asset objects reloaded before import = 0Number of asset objects unloaded after import = 1

========================================================================
Received Import Request.
  Time since last request: 0.000393 seconds.
  path: Assets/Avatar/eska_yaneAvatar.asset
  artifactKey: Guid(7a2d519857da0cb4d8b21c01cea24ae9) Importer(815301076,1909f56bfc062723c751e8b465ee728b)
Start importing Assets/Avatar/eska_yaneAvatar.asset using Guid(7a2d519857da0cb4d8b21c01cea24ae9) Importer(815301076,1909f56bfc062723c751e8b465ee728b) (PreviewImporter) -> (artifact id: '2f42a6bec88492bb01395080c6452ec5') in 0.0007021 seconds
Number of updated asset objects reloaded before import = 0Number of asset objects unloaded after import = 1

========================================================================
Received Import Request.
  Time since last request: 0.003297 seconds.
  path: Assets/Avatar/senryo_boxAvatar.asset
  artifactKey: Guid(6f3af6ae3666f5f4093b5ef78d2a95a4) Importer(815301076,1909f56bfc062723c751e8b465ee728b)
Start importing Assets/Avatar/senryo_boxAvatar.asset using Guid(6f3af6ae3666f5f4093b5ef78d2a95a4) Importer(815301076,1909f56bfc062723c751e8b465ee728b) (PreviewImporter) -> (artifact id: 'ff79662d800ddb8cf242529d609a94bc') in 0.0010338 seconds
Number of updated asset objects reloaded before import = 0Number of asset objects unloaded after import = 1

========================================================================
Received Import Request.
  Time since last request: 7.761510 seconds.
  path: Assets/Material/LED.mat
  artifactKey: Guid(322de64cd64340542bedb5bc912106d9) Importer(815301076,1909f56bfc062723c751e8b465ee728b)
Start importing Assets/Material/LED.mat using Guid(322de64cd64340542bedb5bc912106d9) Importer(815301076,1909f56bfc062723c751e8b465ee728b) (PreviewImporter) -> (artifact id: 'a3f4868ec97edd55ef2d90e81d41a90b') in 0.0871247 seconds
Number of updated asset objects reloaded before import = 0Number of asset objects unloaded after import = 3

========================================================================
Received Import Request.
  Time since last request: 0.000018 seconds.
  path: Assets/Material/sglg_hall_eska_0.mat
  artifactKey: Guid(54bfb587867f0034ab3ee17d74a6397b) Importer(815301076,1909f56bfc062723c751e8b465ee728b)
Start importing Assets/Material/sglg_hall_eska_0.mat using Guid(54bfb587867f0034ab3ee17d74a6397b) Importer(815301076,1909f56bfc062723c751e8b465ee728b) (PreviewImporter) -> (artifact id: 'c54298f42a9b7a8b6fdb13e1f00998f9') in 0.0203402 seconds
Number of updated asset objects reloaded before import = 0Number of asset objects unloaded after import = 2

========================================================================
Received Import Request.
  Time since last request: 0.000019 seconds.
  path: Assets/Material/sglg_dai.mat
  artifactKey: Guid(1d6a258a36d08884cad01eaea58ee49c) Importer(815301076,1909f56bfc062723c751e8b465ee728b)
Start importing Assets/Material/sglg_dai.mat using Guid(1d6a258a36d08884cad01eaea58ee49c) Importer(815301076,1909f56bfc062723c751e8b465ee728b) (PreviewImporter) -> (artifact id: 'f1189078ada078ef8116b15250c02d8f') in 0.0185003 seconds
Number of updated asset objects reloaded before import = 0Number of asset objects unloaded after import = 2

========================================================================
Received Import Request.
  Time since last request: 0.919761 seconds.
  path: Assets/Mesh/ekishou.asset
  artifactKey: Guid(61b32fab015de654fa1959241ecff8d6) Importer(815301076,1909f56bfc062723c751e8b465ee728b)
Start importing Assets/Mesh/ekishou.asset using Guid(61b32fab015de654fa1959241ecff8d6) Importer(815301076,1909f56bfc062723c751e8b465ee728b) (PreviewImporter) -> (artifact id: 'afd917cb8f8db86bfcf82c7d73a9e3ef') in 0.1381576 seconds
Number of updated asset objects reloaded before import = 0Number of asset objects unloaded after import = 2

========================================================================
Received Import Request.
  Time since last request: 0.000028 seconds.
  path: Assets/Mesh/fuda5_new.asset
  artifactKey: Guid(a624f0f2d4829594097ab8b5cc7458c2) Importer(815301076,1909f56bfc062723c751e8b465ee728b)
Start importing Assets/Mesh/fuda5_new.asset using Guid(a624f0f2d4829594097ab8b5cc7458c2) Importer(815301076,1909f56bfc062723c751e8b465ee728b) (PreviewImporter) -> (artifact id: '465197e8db2bb39249857ee0b4ce1b42') in 0.0140387 seconds
Number of updated asset objects reloaded before import = 0Number of asset objects unloaded after import = 2

========================================================================
Received Import Request.
  Time since last request: 0.000024 seconds.
  path: Assets/Mesh/MAN01.asset
  artifactKey: Guid(34f3f2a7eff8c84449237def81dda351) Importer(815301076,1909f56bfc062723c751e8b465ee728b)
Start importing Assets/Mesh/MAN01.asset using Guid(34f3f2a7eff8c84449237def81dda351) Importer(815301076,1909f56bfc062723c751e8b465ee728b) (PreviewImporter) -> (artifact id: 'a604832a1660a0f6894e8da797f7deb6') in 0.01375 seconds
Number of updated asset objects reloaded before import = 0Number of asset objects unloaded after import = 2

========================================================================
Received Import Request.
  Time since last request: 0.000015 seconds.
  path: Assets/Mesh/esla_kaidan_hall.asset
  artifactKey: Guid(94a449729fbfd1a41bc37cc065937a6f) Importer(815301076,1909f56bfc062723c751e8b465ee728b)
Start importing Assets/Mesh/esla_kaidan_hall.asset using Guid(94a449729fbfd1a41bc37cc065937a6f) Importer(815301076,1909f56bfc062723c751e8b465ee728b) (PreviewImporter) -> (artifact id: 'be45c013f69be70011a99fa98411656c') in 0.0139269 seconds
Number of updated asset objects reloaded before import = 0Number of asset objects unloaded after import = 2

========================================================================
Received Import Request.
  Time since last request: 0.000021 seconds.
  path: Assets/Mesh/fuda1_new.asset
  artifactKey: Guid(fc72d2d3e39c0664a91dc8b3ff01caea) Importer(815301076,1909f56bfc062723c751e8b465ee728b)
Start importing Assets/Mesh/fuda1_new.asset using Guid(fc72d2d3e39c0664a91dc8b3ff01caea) Importer(815301076,1909f56bfc062723c751e8b465ee728b) (PreviewImporter) -> (artifact id: '009daaa17e9625fb61650a9f30247d09') in 0.0066929 seconds
Number of updated asset objects reloaded before import = 0Number of asset objects unloaded after import = 2

========================================================================
Received Import Request.
  Time since last request: 0.000020 seconds.
  path: Assets/Mesh/pPlane2.asset
  artifactKey: Guid(f813bf3ff38b2ea48b41a7ff3bd08a68) Importer(815301076,1909f56bfc062723c751e8b465ee728b)
Start importing Assets/Mesh/pPlane2.asset using Guid(f813bf3ff38b2ea48b41a7ff3bd08a68) Importer(815301076,1909f56bfc062723c751e8b465ee728b) (PreviewImporter) -> (artifact id: '708f8ecda6a77741f62420cfcaee5b70') in 0.0062002 seconds
Number of updated asset objects reloaded before import = 0Number of asset objects unloaded after import = 2

========================================================================
Received Import Request.
  Time since last request: 0.000019 seconds.
  path: Assets/Mesh/pCube151.asset
  artifactKey: Guid(42103377aa7541c4483b581ff32aba46) Importer(815301076,1909f56bfc062723c751e8b465ee728b)
Start importing Assets/Mesh/pCube151.asset using Guid(42103377aa7541c4483b581ff32aba46) Importer(815301076,1909f56bfc062723c751e8b465ee728b) (PreviewImporter) -> (artifact id: 'd76a26ccebe76c01d2a5177063674675') in 0.0135359 seconds
Number of updated asset objects reloaded before import = 0Number of asset objects unloaded after import = 2

========================================================================
Received Import Request.
  Time since last request: 0.000017 seconds.
  path: Assets/Mesh/polySurface389.asset
  artifactKey: Guid(ac5377cd329998c48a08d0b690f880ad) Importer(815301076,1909f56bfc062723c751e8b465ee728b)
Start importing Assets/Mesh/polySurface389.asset using Guid(ac5377cd329998c48a08d0b690f880ad) Importer(815301076,1909f56bfc062723c751e8b465ee728b) (PreviewImporter) -> (artifact id: 'b645ea3c1f713ffb95de42b329122f76') in 0.0152937 seconds
Number of updated asset objects reloaded before import = 0Number of asset objects unloaded after import = 2

========================================================================
Received Import Request.
  Time since last request: 0.000018 seconds.
  path: Assets/Mesh/fuda4_new.asset
  artifactKey: Guid(c118978328e598f4f8e9e5cc774fb61a) Importer(815301076,1909f56bfc062723c751e8b465ee728b)
Start importing Assets/Mesh/fuda4_new.asset using Guid(c118978328e598f4f8e9e5cc774fb61a) Importer(815301076,1909f56bfc062723c751e8b465ee728b) (PreviewImporter) -> (artifact id: '5c479034d03c4b22e22b1db3c71bbf3a') in 0.0058176 seconds
Number of updated asset objects reloaded before import = 0Number of asset objects unloaded after import = 2

========================================================================
Received Import Request.
  Time since last request: 0.000032 seconds.
  path: Assets/Mesh/eska_yane_hall.asset
  artifactKey: Guid(202d82cf45151a447a367c1ba43eac9b) Importer(815301076,1909f56bfc062723c751e8b465ee728b)
Start importing Assets/Mesh/eska_yane_hall.asset using Guid(202d82cf45151a447a367c1ba43eac9b) Importer(815301076,1909f56bfc062723c751e8b465ee728b) (PreviewImporter) -> (artifact id: '685622f448d340c3f30a3f9f2d5adba4') in 0.0139396 seconds
Number of updated asset objects reloaded before import = 0Number of asset objects unloaded after import = 2

========================================================================
Received Prepare
Could not load signature of SoundCRI:getPlayer due to: Could not resolve type with token 01000055 from typeref (expected class 'CriAtomExPlayer' in assembly 'Assembly-CSharp-firstpass, Version=0.0.0.0, Culture=neutral, PublicKeyToken=null') assembly:Assembly-CSharp-firstpass, Version=0.0.0.0, Culture=neutral, PublicKeyToken=null type:CriAtomExPlayer member:(null)
Could not load signature of EkisyoCRI:getPlayer due to: Could not resolve type with token 01000027 from typeref (expected class 'CriManaPlayer' in assembly 'Assembly-CSharp-firstpass, Version=0.0.0.0, Culture=neutral, PublicKeyToken=null') assembly:Assembly-CSharp-firstpass, Version=0.0.0.0, Culture=neutral, PublicKeyToken=null type:CriManaPlayer member:(null)
Could not load signature of EkisyoCRI:getStatus due to: Could not resolve type with token 01000027 from typeref (expected class 'CriManaPlayer' in assembly 'Assembly-CSharp-firstpass, Version=0.0.0.0, Culture=neutral, PublicKeyToken=null') assembly:Assembly-CSharp-firstpass, Version=0.0.0.0, Culture=neutral, PublicKeyToken=null type:CriManaPlayer member:(null)
Refreshing native plugins compatible for Editor in 7.55 ms, found 4 plugins.
Preloading 0 native plugins for Editor in 0.00 ms.
Unloading 0 Unused Serialized files (Serialized files now loaded: 0)
Unloading 3678 unused Assets / (1.0 MB). Loaded Objects now: 4264.
Memory consumption went from 92.9 MB to 91.8 MB.
Total: 14.188400 ms (FindLiveObjects: 0.470800 ms CreateObjectMapping: 0.458300 ms MarkObjects: 11.550500 ms  DeleteObjects: 1.707600 ms)

Prepare: number of updated asset objects reloaded= 0
========================================================================
Received Import Request.
  Time since last request: 52.034135 seconds.
  path: Assets/Resources/sound/02.mp3
  artifactKey: Guid(617eb371a00b9c048af8f504a44ff4e2) Importer(815301076,1909f56bfc062723c751e8b465ee728b)
Start importing Assets/Resources/sound/02.mp3 using Guid(617eb371a00b9c048af8f504a44ff4e2) Importer(815301076,1909f56bfc062723c751e8b465ee728b) (PreviewImporter) -> (artifact id: '8118f24e5224a6ac876d2beba701d301') in 0.0260139 seconds
Number of updated asset objects reloaded before import = 0Number of asset objects unloaded after import = 2

========================================================================
Received Import Request.
  Time since last request: 0.000021 seconds.
  path: Assets/Resources/sound/03.mp3
  artifactKey: Guid(83f1d41a6d07c734c9927c9cafe54eca) Importer(815301076,1909f56bfc062723c751e8b465ee728b)
Start importing Assets/Resources/sound/03.mp3 using Guid(83f1d41a6d07c734c9927c9cafe54eca) Importer(815301076,1909f56bfc062723c751e8b465ee728b) (PreviewImporter) -> (artifact id: '026fc4765b62d9a95e70f20fed5ffe98') in 0.0135479 seconds
Number of updated asset objects reloaded before import = 0Number of asset objects unloaded after import = 2

========================================================================
Received Import Request.
  Time since last request: 0.000051 seconds.
  path: Assets/Resources/sound/08.mp3
  artifactKey: Guid(67aba2a7a7707a64cbc8d896f11760b7) Importer(815301076,1909f56bfc062723c751e8b465ee728b)
Start importing Assets/Resources/sound/08.mp3 using Guid(67aba2a7a7707a64cbc8d896f11760b7) Importer(815301076,1909f56bfc062723c751e8b465ee728b) (PreviewImporter) -> (artifact id: 'e3ac00b081f72a8bffd8de6f9f7c0f76') in 0.0057318 seconds
Number of updated asset objects reloaded before import = 0Number of asset objects unloaded after import = 2

========================================================================
Received Import Request.
  Time since last request: 0.000018 seconds.
  path: Assets/Resources/sound/0233.mp3
  artifactKey: Guid(09772affe1410b94c8095d6d30bbf59a) Importer(815301076,1909f56bfc062723c751e8b465ee728b)
Start importing Assets/Resources/sound/0233.mp3 using Guid(09772affe1410b94c8095d6d30bbf59a) Importer(815301076,1909f56bfc062723c751e8b465ee728b) (PreviewImporter) -> (artifact id: '42f910c976b389e744c1c67de28c1d83') in 0.0130555 seconds
Number of updated asset objects reloaded before import = 0Number of asset objects unloaded after import = 2

========================================================================
Received Import Request.
  Time since last request: 0.000017 seconds.
  path: Assets/Resources/sound/09.mp3
  artifactKey: Guid(895bb94f70e8d084894680249c64c9a8) Importer(815301076,1909f56bfc062723c751e8b465ee728b)
Start importing Assets/Resources/sound/09.mp3 using Guid(895bb94f70e8d084894680249c64c9a8) Importer(815301076,1909f56bfc062723c751e8b465ee728b) (PreviewImporter) -> (artifact id: '5fe6225e9d79c481f751987417c4e460') in 0.0116775 seconds
Number of updated asset objects reloaded before import = 0Number of asset objects unloaded after import = 2

========================================================================
Received Import Request.
  Time since last request: 0.000027 seconds.
  path: Assets/Resources/sound/0235.mp3
  artifactKey: Guid(f8ce1be1d31e01d4a809ee794fdc7431) Importer(815301076,1909f56bfc062723c751e8b465ee728b)
Start importing Assets/Resources/sound/0235.mp3 using Guid(f8ce1be1d31e01d4a809ee794fdc7431) Importer(815301076,1909f56bfc062723c751e8b465ee728b) (PreviewImporter) -> (artifact id: '323f65f447ae4bbfa3992b704b3b1a6b') in 0.0130204 seconds
Number of updated asset objects reloaded before import = 0Number of asset objects unloaded after import = 2

========================================================================
Received Import Request.
  Time since last request: 0.000078 seconds.
  path: Assets/Resources/sound/0241.mp3
  artifactKey: Guid(86c9485e3f51a2546bb97fc1a91c1b62) Importer(815301076,1909f56bfc062723c751e8b465ee728b)
Start importing Assets/Resources/sound/0241.mp3 using Guid(86c9485e3f51a2546bb97fc1a91c1b62) Importer(815301076,1909f56bfc062723c751e8b465ee728b) (PreviewImporter) -> (artifact id: '9cc08b7067e4435a9b74c5f291eb88c2') in 0.0123484 seconds
Number of updated asset objects reloaded before import = 0Number of asset objects unloaded after import = 2

========================================================================
Received Import Request.
  Time since last request: 0.000040 seconds.
  path: Assets/Resources/sound/04.mp3
  artifactKey: Guid(dd5ea61c74543e848b831e1cbe6f20d3) Importer(815301076,1909f56bfc062723c751e8b465ee728b)
Start importing Assets/Resources/sound/04.mp3 using Guid(dd5ea61c74543e848b831e1cbe6f20d3) Importer(815301076,1909f56bfc062723c751e8b465ee728b) (PreviewImporter) -> (artifact id: 'dc0eddac3f0164dad68eb3eb7d766d02') in 0.0125885 seconds
Number of updated asset objects reloaded before import = 0Number of asset objects unloaded after import = 2

========================================================================
Received Import Request.
  Time since last request: 0.000141 seconds.
  path: Assets/Resources/sound/0245.mp3
  artifactKey: Guid(7e3467b6d02a8a44d9000948b1d5113c) Importer(815301076,1909f56bfc062723c751e8b465ee728b)
Start importing Assets/Resources/sound/0245.mp3 using Guid(7e3467b6d02a8a44d9000948b1d5113c) Importer(815301076,1909f56bfc062723c751e8b465ee728b) (PreviewImporter) -> (artifact id: '73711fe435a4db8f172166c69ef7f102') in 0.012164 seconds
Number of updated asset objects reloaded before import = 0Number of asset objects unloaded after import = 2

========================================================================
Received Import Request.
  Time since last request: 0.000018 seconds.
  path: Assets/Resources/sound/0247.mp3
  artifactKey: Guid(7eaf284d84a5c3645bd65cbf93117348) Importer(815301076,1909f56bfc062723c751e8b465ee728b)
Start importing Assets/Resources/sound/0247.mp3 using Guid(7eaf284d84a5c3645bd65cbf93117348) Importer(815301076,1909f56bfc062723c751e8b465ee728b) (PreviewImporter) -> (artifact id: '28eab3ddfcf8ac26a869fe47901fa2e7') in 0.011979 seconds
Number of updated asset objects reloaded before import = 0Number of asset objects unloaded after import = 2

========================================================================
Received Import Request.
  Time since last request: 0.000018 seconds.
  path: Assets/Resources/sound/0250.mp3
  artifactKey: Guid(6b8bf97b3c1e82d4e97d2c1ea63c04b9) Importer(815301076,1909f56bfc062723c751e8b465ee728b)
Start importing Assets/Resources/sound/0250.mp3 using Guid(6b8bf97b3c1e82d4e97d2c1ea63c04b9) Importer(815301076,1909f56bfc062723c751e8b465ee728b) (PreviewImporter) -> (artifact id: '2350d248609f455d1ea36a825e5df77e') in 0.0056108 seconds
Number of updated asset objects reloaded before import = 0Number of asset objects unloaded after import = 2

========================================================================
Received Import Request.
  Time since last request: 0.000026 seconds.
  path: Assets/Resources/sound/0251.mp3
  artifactKey: Guid(1587b7e9be7f17048a61bea40b5bdcf3) Importer(815301076,1909f56bfc062723c751e8b465ee728b)
Start importing Assets/Resources/sound/0251.mp3 using Guid(1587b7e9be7f17048a61bea40b5bdcf3) Importer(815301076,1909f56bfc062723c751e8b465ee728b) (PreviewImporter) -> (artifact id: 'a1dcf397e730d152845f116d8c57d5b3') in 0.014274 seconds
Number of updated asset objects reloaded before import = 0Number of asset objects unloaded after import = 2

========================================================================
Received Import Request.
  Time since last request: 0.000059 seconds.
  path: Assets/Resources/sound/0256.mp3
  artifactKey: Guid(2111d9c172a1bf14ab46963b9097fb9a) Importer(815301076,1909f56bfc062723c751e8b465ee728b)
Start importing Assets/Resources/sound/0256.mp3 using Guid(2111d9c172a1bf14ab46963b9097fb9a) Importer(815301076,1909f56bfc062723c751e8b465ee728b) (PreviewImporter) -> (artifact id: 'a24d7dc9bbb2c60b0d1c4d8a7392edf3') in 0.0126381 seconds
Number of updated asset objects reloaded before import = 0Number of asset objects unloaded after import = 2

========================================================================
Received Import Request.
  Time since last request: 0.000069 seconds.
  path: Assets/Resources/sound/0258.mp3
  artifactKey: Guid(08d9a9da4b7113d439cb349a80aaae63) Importer(815301076,1909f56bfc062723c751e8b465ee728b)
Start importing Assets/Resources/sound/0258.mp3 using Guid(08d9a9da4b7113d439cb349a80aaae63) Importer(815301076,1909f56bfc062723c751e8b465ee728b) (PreviewImporter) -> (artifact id: 'b420ca48f86063688fab5b55277547c0') in 0.0125654 seconds
Number of updated asset objects reloaded before import = 0Number of asset objects unloaded after import = 2

========================================================================
Received Import Request.
  Time since last request: 0.000023 seconds.
  path: Assets/Resources/sound/0252.mp3
  artifactKey: Guid(02068acedb7b3664eb64308d774f4139) Importer(815301076,1909f56bfc062723c751e8b465ee728b)
Start importing Assets/Resources/sound/0252.mp3 using Guid(02068acedb7b3664eb64308d774f4139) Importer(815301076,1909f56bfc062723c751e8b465ee728b) (PreviewImporter) -> (artifact id: 'c62feee7304274ae73e290663b78aa45') in 0.0135826 seconds
Number of updated asset objects reloaded before import = 0Number of asset objects unloaded after import = 2

========================================================================
Received Import Request.
  Time since last request: 0.000031 seconds.
  path: Assets/Resources/sound/0265.mp3
  artifactKey: Guid(725283ca228dcc54380692f5bcbd659f) Importer(815301076,1909f56bfc062723c751e8b465ee728b)
Start importing Assets/Resources/sound/0265.mp3 using Guid(725283ca228dcc54380692f5bcbd659f) Importer(815301076,1909f56bfc062723c751e8b465ee728b) (PreviewImporter) -> (artifact id: '5dd5dda28e685f9ee35316212fc3805f') in 0.0122606 seconds
Number of updated asset objects reloaded before import = 0Number of asset objects unloaded after import = 2

========================================================================
Received Import Request.
  Time since last request: 0.000062 seconds.
  path: Assets/Resources/sound/0269.mp3
  artifactKey: Guid(32882d82b96ecfc42aa65988008d8521) Importer(815301076,1909f56bfc062723c751e8b465ee728b)
Start importing Assets/Resources/sound/0269.mp3 using Guid(32882d82b96ecfc42aa65988008d8521) Importer(815301076,1909f56bfc062723c751e8b465ee728b) (PreviewImporter) -> (artifact id: '8df65d7d2320198491edce0712b43451') in 0.0129538 seconds
Number of updated asset objects reloaded before import = 0Number of asset objects unloaded after import = 2

========================================================================
Received Import Request.
  Time since last request: 0.000052 seconds.
  path: Assets/Resources/sound/0271.mp3
  artifactKey: Guid(8762b02a8f9d29d4ea7e4fe1892af4e0) Importer(815301076,1909f56bfc062723c751e8b465ee728b)
Start importing Assets/Resources/sound/0271.mp3 using Guid(8762b02a8f9d29d4ea7e4fe1892af4e0) Importer(815301076,1909f56bfc062723c751e8b465ee728b) (PreviewImporter) -> (artifact id: 'e85916207b41c969bb4cfe6bdc50587c') in 0.0131037 seconds
Number of updated asset objects reloaded before import = 0Number of asset objects unloaded after import = 2

========================================================================
Received Import Request.
  Time since last request: 0.000061 seconds.
  path: Assets/Resources/sound/0277.mp3
  artifactKey: Guid(9d018cf95638a2d44ae8f442eff3cd15) Importer(815301076,1909f56bfc062723c751e8b465ee728b)
Start importing Assets/Resources/sound/0277.mp3 using Guid(9d018cf95638a2d44ae8f442eff3cd15) Importer(815301076,1909f56bfc062723c751e8b465ee728b) (PreviewImporter) -> (artifact id: '9c35bbc75daec81bb74469c17ce2c184') in 0.0146202 seconds
Number of updated asset objects reloaded before import = 0Number of asset objects unloaded after import = 2

========================================================================
Received Import Request.
  Time since last request: 0.000019 seconds.
  path: Assets/Resources/sound/0274.mp3
  artifactKey: Guid(353aef8739a17de43be117612ebc58ff) Importer(815301076,1909f56bfc062723c751e8b465ee728b)
Start importing Assets/Resources/sound/0274.mp3 using Guid(353aef8739a17de43be117612ebc58ff) Importer(815301076,1909f56bfc062723c751e8b465ee728b) (PreviewImporter) -> (artifact id: '836cd7de4863578352d88b6f1b0e67ae') in 0.0135527 seconds
Number of updated asset objects reloaded before import = 0Number of asset objects unloaded after import = 2

========================================================================
Received Import Request.
  Time since last request: 0.000016 seconds.
  path: Assets/Resources/sound/0282.mp3
  artifactKey: Guid(314efd7c33b5c5640b3a5a8dcba8a36f) Importer(815301076,1909f56bfc062723c751e8b465ee728b)
Start importing Assets/Resources/sound/0282.mp3 using Guid(314efd7c33b5c5640b3a5a8dcba8a36f) Importer(815301076,1909f56bfc062723c751e8b465ee728b) (PreviewImporter) -> (artifact id: '498ca813ce14afa36c482c7a3e800040') in 0.0151274 seconds
Number of updated asset objects reloaded before import = 0Number of asset objects unloaded after import = 2

========================================================================
Received Import Request.
  Time since last request: 0.000021 seconds.
  path: Assets/Resources/sound/0285.mp3
  artifactKey: Guid(1ceb736c3fa694f4b84f398f191484c6) Importer(815301076,1909f56bfc062723c751e8b465ee728b)
Start importing Assets/Resources/sound/0285.mp3 using Guid(1ceb736c3fa694f4b84f398f191484c6) Importer(815301076,1909f56bfc062723c751e8b465ee728b) (PreviewImporter) -> (artifact id: '2c2769b984c5a8f7e77e52312eba9858') in 0.006172 seconds
Number of updated asset objects reloaded before import = 0Number of asset objects unloaded after import = 2

========================================================================
Received Import Request.
  Time since last request: 0.000019 seconds.
  path: Assets/Resources/sound/0280.mp3
  artifactKey: Guid(ba482e218234e7544949dc1e8649c843) Importer(815301076,1909f56bfc062723c751e8b465ee728b)
Start importing Assets/Resources/sound/0280.mp3 using Guid(ba482e218234e7544949dc1e8649c843) Importer(815301076,1909f56bfc062723c751e8b465ee728b) (PreviewImporter) -> (artifact id: '649b25525b245c1e7dd0c29293dd45f5') in 0.0132536 seconds
Number of updated asset objects reloaded before import = 0Number of asset objects unloaded after import = 2

========================================================================
Received Import Request.
  Time since last request: 0.917930 seconds.
  path: Assets/Resources/texture/datalamp_led3.png
  artifactKey: Guid(016a35a2d8f70f4469d282ea45278dcc) Importer(815301076,1909f56bfc062723c751e8b465ee728b)
Start importing Assets/Resources/texture/datalamp_led3.png using Guid(016a35a2d8f70f4469d282ea45278dcc) Importer(815301076,1909f56bfc062723c751e8b465ee728b) (PreviewImporter)[Licensing::Client] Successfully resolved entitlement details
[Licensing::Module] License group:
  Id: F4-KS8T-NN4C-NS72-FWGR-XXXX
  Product: Unity Personal
  Type: ULF
  Expiration: Unlimited
[Licensing::Module] License group:
  Id: 2474599801285-UnityPersXXXX
  Product: Unity Personal
  Type: Assigned
  Expiration: Unlimited
 -> (artifact id: '913b0b08412f1bb02716b4f91c6f9d36') in 0.0413032 seconds
Number of updated asset objects reloaded before import = 0Number of asset objects unloaded after import = 3

========================================================================
Received Import Request.
  Time since last request: 0.000037 seconds.
  path: Assets/Resources/texture/LED3.png
  artifactKey: Guid(0ea1e5fc8b666b649bb5c16888c601f4) Importer(815301076,1909f56bfc062723c751e8b465ee728b)
Start importing Assets/Resources/texture/LED3.png using Guid(0ea1e5fc8b666b649bb5c16888c601f4) Importer(815301076,1909f56bfc062723c751e8b465ee728b) (PreviewImporter) -> (artifact id: '0ab585a563df5075c2e6704da56dc362') in 0.018113 seconds
Number of updated asset objects reloaded before import = 0Number of asset objects unloaded after import = 3

========================================================================
Received Import Request.
  Time since last request: 0.000022 seconds.
  path: Assets/Resources/texture/LED2.png
  artifactKey: Guid(5c76122f71623d449853edaaf189501a) Importer(815301076,1909f56bfc062723c751e8b465ee728b)
Start importing Assets/Resources/texture/LED2.png using Guid(5c76122f71623d449853edaaf189501a) Importer(815301076,1909f56bfc062723c751e8b465ee728b) (PreviewImporter) -> (artifact id: 'ae2bce02990f98f1071575743e2ac457') in 0.0158382 seconds
Number of updated asset objects reloaded before import = 0Number of asset objects unloaded after import = 3

========================================================================
Received Import Request.
  Time since last request: 0.386720 seconds.
  path: Assets/Resources/textures/RenderTextureGUIDirection.renderTexture
  artifactKey: Guid(c38ba4189dcaa1b45bdc09ed9cf66d28) Importer(815301076,1909f56bfc062723c751e8b465ee728b)
Start importing Assets/Resources/textures/RenderTextureGUIDirection.renderTexture using Guid(c38ba4189dcaa1b45bdc09ed9cf66d28) Importer(815301076,1909f56bfc062723c751e8b465ee728b) (PreviewImporter) -> (artifact id: '1c120e1f156777360a61e86ee6fcc19d') in 0.0142663 seconds
Number of updated asset objects reloaded before import = 0Number of asset objects unloaded after import = 2

========================================================================
Received Import Request.
  Time since last request: 0.000015 seconds.
  path: Assets/Resources/textures/SGLG_kyotai.png
  artifactKey: Guid(184de06ed97f23e4cbd68c82cadbd300) Importer(815301076,1909f56bfc062723c751e8b465ee728b)
Start importing Assets/Resources/textures/SGLG_kyotai.png using Guid(184de06ed97f23e4cbd68c82cadbd300) Importer(815301076,1909f56bfc062723c751e8b465ee728b) (PreviewImporter) -> (artifact id: '5f36a381848257740471d3f80617ae68') in 0.0220843 seconds
Number of updated asset objects reloaded before import = 0Number of asset objects unloaded after import = 3

========================================================================
Received Import Request.
  Time since last request: 7.725652 seconds.
  path: Assets/Resources/models/bet_03.asset
  artifactKey: Guid(7ed9e43ade066944bb2f9923b3ebaafb) Importer(815301076,1909f56bfc062723c751e8b465ee728b)
Start importing Assets/Resources/models/bet_03.asset using Guid(7ed9e43ade066944bb2f9923b3ebaafb) Importer(815301076,1909f56bfc062723c751e8b465ee728b) (PreviewImporter) -> (artifact id: 'd15d30685e0ff937975edc34d0da22f6') in 0.0146544 seconds
Number of updated asset objects reloaded before import = 0Number of asset objects unloaded after import = 2

========================================================================
Received Import Request.
  Time since last request: 0.000024 seconds.
  path: Assets/Resources/models/bottom_panel_LED_20.asset
  artifactKey: Guid(740396b62584cfe4dbdc77a317759e33) Importer(815301076,1909f56bfc062723c751e8b465ee728b)
Start importing Assets/Resources/models/bottom_panel_LED_20.asset using Guid(740396b62584cfe4dbdc77a317759e33) Importer(815301076,1909f56bfc062723c751e8b465ee728b) (PreviewImporter) -> (artifact id: 'd17c4e97e638b5b0a396558dc687b315') in 0.0115635 seconds
Number of updated asset objects reloaded before import = 0Number of asset objects unloaded after import = 2

========================================================================
Received Import Request.
  Time since last request: 0.000024 seconds.
  path: Assets/Resources/models/bottom_panel_LED_05.asset
  artifactKey: Guid(4067769099fccc8498cc377b02e2a429) Importer(815301076,1909f56bfc062723c751e8b465ee728b)
Start importing Assets/Resources/models/bottom_panel_LED_05.asset using Guid(4067769099fccc8498cc377b02e2a429) Importer(815301076,1909f56bfc062723c751e8b465ee728b) (PreviewImporter) -> (artifact id: '2d21e1400f7e0abce0b2aa42abfe6c58') in 0.0149152 seconds
Number of updated asset objects reloaded before import = 0Number of asset objects unloaded after import = 2

========================================================================
Received Import Request.
  Time since last request: 0.000022 seconds.
  path: Assets/Resources/models/C_bottom_light.asset
  artifactKey: Guid(1797eb5dc8845354fb1c7f88fb46745e) Importer(815301076,1909f56bfc062723c751e8b465ee728b)
Start importing Assets/Resources/models/C_bottom_light.asset using Guid(1797eb5dc8845354fb1c7f88fb46745e) Importer(815301076,1909f56bfc062723c751e8b465ee728b) (PreviewImporter) -> (artifact id: '8137ff77236726de711435f42bfdd3ba') in 0.0125092 seconds
Number of updated asset objects reloaded before import = 0Number of asset objects unloaded after import = 2

========================================================================
Received Import Request.
  Time since last request: 0.000020 seconds.
  path: Assets/Resources/models/chain_004.asset
  artifactKey: Guid(9f17b4465b3898947a40a367f4397568) Importer(815301076,1909f56bfc062723c751e8b465ee728b)
Start importing Assets/Resources/models/chain_004.asset using Guid(9f17b4465b3898947a40a367f4397568) Importer(815301076,1909f56bfc062723c751e8b465ee728b) (PreviewImporter) -> (artifact id: '5a59704190bac72016be41f76c73981a') in 0.0138439 seconds
Number of updated asset objects reloaded before import = 0Number of asset objects unloaded after import = 2

========================================================================
Received Import Request.
  Time since last request: 0.000018 seconds.
  path: Assets/Resources/models/chain_021.asset
  artifactKey: Guid(8bf083b36d7411842824942b1cdffe3f) Importer(815301076,1909f56bfc062723c751e8b465ee728b)
Start importing Assets/Resources/models/chain_021.asset using Guid(8bf083b36d7411842824942b1cdffe3f) Importer(815301076,1909f56bfc062723c751e8b465ee728b) (PreviewImporter) -> (artifact id: '7b3f2a382bea5bbe336d2b169a951812') in 0.0061678 seconds
Number of updated asset objects reloaded before import = 0Number of asset objects unloaded after import = 2

========================================================================
Received Import Request.
  Time since last request: 0.000018 seconds.
  path: Assets/Resources/models/bottom_panel_light_under_01_L.asset
  artifactKey: Guid(555cf3b8da5e1b449bb3376380fb8f07) Importer(815301076,1909f56bfc062723c751e8b465ee728b)
Start importing Assets/Resources/models/bottom_panel_light_under_01_L.asset using Guid(555cf3b8da5e1b449bb3376380fb8f07) Importer(815301076,1909f56bfc062723c751e8b465ee728b) (PreviewImporter) -> (artifact id: '77cbf0f0a7f064f06053cdeeba5fe169') in 0.0132539 seconds
Number of updated asset objects reloaded before import = 0Number of asset objects unloaded after import = 2

========================================================================
Received Import Request.
  Time since last request: 0.000035 seconds.
  path: Assets/Resources/models/bottom_panel_LED_06.asset
  artifactKey: Guid(1b5f194758fa0e24e8f3143eed6abd24) Importer(815301076,1909f56bfc062723c751e8b465ee728b)
Start importing Assets/Resources/models/bottom_panel_LED_06.asset using Guid(1b5f194758fa0e24e8f3143eed6abd24) Importer(815301076,1909f56bfc062723c751e8b465ee728b) (PreviewImporter) -> (artifact id: 'd300d7884945ae59f5d82ab2e439f231') in 0.0142389 seconds
Number of updated asset objects reloaded before import = 0Number of asset objects unloaded after import = 2

========================================================================
Received Import Request.
  Time since last request: 0.000020 seconds.
  path: Assets/Resources/models/Button_L.asset
  artifactKey: Guid(dc10b292075c6184dbff4fa3e94b9e04) Importer(815301076,1909f56bfc062723c751e8b465ee728b)
Start importing Assets/Resources/models/Button_L.asset using Guid(dc10b292075c6184dbff4fa3e94b9e04) Importer(815301076,1909f56bfc062723c751e8b465ee728b) (PreviewImporter) -> (artifact id: '86cd318db3e73d7e14088003e2226d30') in 0.0140387 seconds
Number of updated asset objects reloaded before import = 0Number of asset objects unloaded after import = 2

========================================================================
Received Import Request.
  Time since last request: 0.000031 seconds.
  path: Assets/Resources/models/bottom_panel_LED_19.asset
  artifactKey: Guid(894bfaec645e8014b924c535308b4b9a) Importer(815301076,1909f56bfc062723c751e8b465ee728b)
Start importing Assets/Resources/models/bottom_panel_LED_19.asset using Guid(894bfaec645e8014b924c535308b4b9a) Importer(815301076,1909f56bfc062723c751e8b465ee728b) (PreviewImporter) -> (artifact id: 'cffd1f786c7e8b1bc1b42f1009d3bdc8') in 0.0144296 seconds
Number of updated asset objects reloaded before import = 0Number of asset objects unloaded after import = 2

========================================================================
Received Import Request.
  Time since last request: 0.000019 seconds.
  path: Assets/Resources/models/bottom_panel_light_under_02_R.asset
  artifactKey: Guid(ffef993812e24be4b8e970a9cfeec39b) Importer(815301076,1909f56bfc062723c751e8b465ee728b)
Start importing Assets/Resources/models/bottom_panel_light_under_02_R.asset using Guid(ffef993812e24be4b8e970a9cfeec39b) Importer(815301076,1909f56bfc062723c751e8b465ee728b) (PreviewImporter) -> (artifact id: 'fdd0127a1404297c41abc7ff2d78a2a6') in 0.0069496 seconds
Number of updated asset objects reloaded before import = 0Number of asset objects unloaded after import = 2

========================================================================
Received Import Request.
  Time since last request: 0.000021 seconds.
  path: Assets/Resources/models/chain_009.asset
  artifactKey: Guid(ac427eba4d8921a449b7f93bf4f4a618) Importer(815301076,1909f56bfc062723c751e8b465ee728b)
Start importing Assets/Resources/models/chain_009.asset using Guid(ac427eba4d8921a449b7f93bf4f4a618) Importer(815301076,1909f56bfc062723c751e8b465ee728b) (PreviewImporter) -> (artifact id: 'ec21c8d72b8bc6f36c84ae914d017162') in 0.0063423 seconds
Number of updated asset objects reloaded before import = 0Number of asset objects unloaded after import = 2

========================================================================
Received Import Request.
  Time since last request: 0.000016 seconds.
  path: Assets/Resources/models/bottom_panel_light.prefab
  artifactKey: Guid(0edb76f5c16160a4781b7411a7fdcddb) Importer(815301076,1909f56bfc062723c751e8b465ee728b)
Start importing Assets/Resources/models/bottom_panel_light.prefab using Guid(0edb76f5c16160a4781b7411a7fdcddb) Importer(815301076,1909f56bfc062723c751e8b465ee728b) (PreviewImporter) -> (artifact id: '5794e9437ba89abefdcaba014c3ede01') in 0.0297456 seconds
Number of updated asset objects reloaded before import = 0Number of asset objects unloaded after import = 148

========================================================================
Received Import Request.
  Time since last request: 0.000015 seconds.
  path: Assets/Resources/models/chain_025.asset
  artifactKey: Guid(7f04c0b74df9bed4b87a35be535451c1) Importer(815301076,1909f56bfc062723c751e8b465ee728b)
Start importing Assets/Resources/models/chain_025.asset using Guid(7f04c0b74df9bed4b87a35be535451c1) Importer(815301076,1909f56bfc062723c751e8b465ee728b) (PreviewImporter) -> (artifact id: 'ba4deabbaed9eaeccd35adec4dfe5121') in 0.0058721 seconds
Number of updated asset objects reloaded before import = 0Number of asset objects unloaded after import = 2

========================================================================
Received Import Request.
  Time since last request: 0.000014 seconds.
  path: Assets/Resources/models/bottom_panel_LED_16.asset
  artifactKey: Guid(68eefcb24787e0140aa1d56299e1695a) Importer(815301076,1909f56bfc062723c751e8b465ee728b)
Start importing Assets/Resources/models/bottom_panel_LED_16.asset using Guid(68eefcb24787e0140aa1d56299e1695a) Importer(815301076,1909f56bfc062723c751e8b465ee728b) (PreviewImporter) -> (artifact id: 'a3bb48840601cb7a82c365348a650d28') in 0.0135193 seconds
Number of updated asset objects reloaded before import = 0Number of asset objects unloaded after import = 2

========================================================================
Received Import Request.
  Time since last request: 0.000015 seconds.
  path: Assets/Resources/models/chain_019.asset
  artifactKey: Guid(5c51c23a021cdb24ca94291728336c94) Importer(815301076,1909f56bfc062723c751e8b465ee728b)
Start importing Assets/Resources/models/chain_019.asset using Guid(5c51c23a021cdb24ca94291728336c94) Importer(815301076,1909f56bfc062723c751e8b465ee728b) (PreviewImporter) -> (artifact id: 'd5d4b387cae9bc7273a1ce795dbe8459') in 0.0056559 seconds
Number of updated asset objects reloaded before import = 0Number of asset objects unloaded after import = 2

========================================================================
Received Import Request.
  Time since last request: 0.000014 seconds.
  path: Assets/Resources/models/bottom_panel_LED_01.asset
  artifactKey: Guid(17f3ce7804092fe47aa53bed8aea897c) Importer(815301076,1909f56bfc062723c751e8b465ee728b)
Start importing Assets/Resources/models/bottom_panel_LED_01.asset using Guid(17f3ce7804092fe47aa53bed8aea897c) Importer(815301076,1909f56bfc062723c751e8b465ee728b) (PreviewImporter) -> (artifact id: '549cd36ce19a27233648daef0109d42c') in 0.0146215 seconds
Number of updated asset objects reloaded before import = 0Number of asset objects unloaded after import = 2

========================================================================
Received Import Request.
  Time since last request: 0.000020 seconds.
  path: Assets/Resources/models/bottom_panel_LED_12.asset
  artifactKey: Guid(7b15124378c83db4cb10c675313a74ee) Importer(815301076,1909f56bfc062723c751e8b465ee728b)
Start importing Assets/Resources/models/bottom_panel_LED_12.asset using Guid(7b15124378c83db4cb10c675313a74ee) Importer(815301076,1909f56bfc062723c751e8b465ee728b) (PreviewImporter) -> (artifact id: '32829508982794f6a81b0ce9d07d044f') in 0.0073282 seconds
Number of updated asset objects reloaded before import = 0Number of asset objects unloaded after import = 2

========================================================================
Received Import Request.
  Time since last request: 0.000018 seconds.
  path: Assets/Resources/models/bottom_panel_light_over_L.asset
  artifactKey: Guid(706c16a1bd761284183096d28174a83b) Importer(815301076,1909f56bfc062723c751e8b465ee728b)
Start importing Assets/Resources/models/bottom_panel_light_over_L.asset using Guid(706c16a1bd761284183096d28174a83b) Importer(815301076,1909f56bfc062723c751e8b465ee728b) (PreviewImporter) -> (artifact id: '53a1290ee5dcc979a003a59dd92b862d') in 0.007269 seconds
Number of updated asset objects reloaded before import = 0Number of asset objects unloaded after import = 2

========================================================================
Received Import Request.
  Time since last request: 0.000025 seconds.
  path: Assets/Resources/models/Button_light_L.asset
  artifactKey: Guid(ab1082ef91637bd4d96c941acfea0e54) Importer(815301076,1909f56bfc062723c751e8b465ee728b)
Start importing Assets/Resources/models/Button_light_L.asset using Guid(ab1082ef91637bd4d96c941acfea0e54) Importer(815301076,1909f56bfc062723c751e8b465ee728b) (PreviewImporter) -> (artifact id: 'a283c288adbf03210141fb188a9039cf') in 0.0074508 seconds
Number of updated asset objects reloaded before import = 0Number of asset objects unloaded after import = 2

========================================================================
Received Import Request.
  Time since last request: 10.825571 seconds.
  path: Assets/Resources/models/materials/medal_tex_mini.mat
  artifactKey: Guid(1669ed6159d9c1043bfff9cf31cffc6a) Importer(815301076,1909f56bfc062723c751e8b465ee728b)
Start importing Assets/Resources/models/materials/medal_tex_mini.mat using Guid(1669ed6159d9c1043bfff9cf31cffc6a) Importer(815301076,1909f56bfc062723c751e8b465ee728b) (PreviewImporter) -> (artifact id: '1b60cb3be1b8fdacb2cfd4322fb42eee') in 0.015792 seconds
Number of updated asset objects reloaded before import = 0Number of asset objects unloaded after import = 2

========================================================================
Received Import Request.
  Time since last request: 0.000029 seconds.
  path: Assets/Resources/models/materials/SGLG_light_alpha.mat
  artifactKey: Guid(099f8bc7fecb2dc4595c271c363c74df) Importer(815301076,1909f56bfc062723c751e8b465ee728b)
Start importing Assets/Resources/models/materials/SGLG_light_alpha.mat using Guid(099f8bc7fecb2dc4595c271c363c74df) Importer(815301076,1909f56bfc062723c751e8b465ee728b) (PreviewImporter) -> (artifact id: '88845702fcde2eab23a5ce6a71731bd4') in 0.0144359 seconds
Number of updated asset objects reloaded before import = 0Number of asset objects unloaded after import = 2

========================================================================
Received Import Request.
  Time since last request: 0.000014 seconds.
  path: Assets/Resources/models/materials/SGLG_kyotai.mat
  artifactKey: Guid(e5b4063b1c353a646b427901644e9df7) Importer(815301076,1909f56bfc062723c751e8b465ee728b)
Start importing Assets/Resources/models/materials/SGLG_kyotai.mat using Guid(e5b4063b1c353a646b427901644e9df7) Importer(815301076,1909f56bfc062723c751e8b465ee728b) (PreviewImporter) -> (artifact id: '681a7bf8789d2de621da2e47cb9e7d61') in 0.0164221 seconds
Number of updated asset objects reloaded before import = 0Number of asset objects unloaded after import = 2

========================================================================
Received Import Request.
  Time since last request: 0.000014 seconds.
  path: Assets/Resources/models/materials/ReelHiLight.mat
  artifactKey: Guid(eda692e8c03276f47afe8f50d1b0d70a) Importer(815301076,1909f56bfc062723c751e8b465ee728b)
Start importing Assets/Resources/models/materials/ReelHiLight.mat using Guid(eda692e8c03276f47afe8f50d1b0d70a) Importer(815301076,1909f56bfc062723c751e8b465ee728b) (PreviewImporter) -> (artifact id: '55a59a18980a75ad68e42b2b65245928') in 0.0153985 seconds
Number of updated asset objects reloaded before import = 0Number of asset objects unloaded after import = 2

========================================================================
Received Import Request.
  Time since last request: 0.510041 seconds.
  path: Assets/Resources/models/test/_reel.prefab
  artifactKey: Guid(bcf9d7194765007479c980fb08629815) Importer(815301076,1909f56bfc062723c751e8b465ee728b)
Start importing Assets/Resources/models/test/_reel.prefab using Guid(bcf9d7194765007479c980fb08629815) Importer(815301076,1909f56bfc062723c751e8b465ee728b) (PreviewImporter) -> (artifact id: 'dcb100b719e3b23f74ffccc46b1602bc') in 0.0168918 seconds
Number of updated asset objects reloaded before import = 0Number of asset objects unloaded after import = 30

========================================================================
Received Import Request.
  Time since last request: 0.000024 seconds.
  path: Assets/Resources/models/test/_sglg_gear_tyu_lightAvatar.asset
  artifactKey: Guid(8efcf139dc72d664cb5440f271f55ec3) Importer(815301076,1909f56bfc062723c751e8b465ee728b)
Start importing Assets/Resources/models/test/_sglg_gear_tyu_lightAvatar.asset using Guid(8efcf139dc72d664cb5440f271f55ec3) Importer(815301076,1909f56bfc062723c751e8b465ee728b) (PreviewImporter) -> (artifact id: '72d074d1f1c8e1097ef7e19cbb233b4c') in 0.0010962 seconds
Number of updated asset objects reloaded before import = 0Number of asset objects unloaded after import = 1

========================================================================
Received Import Request.
  Time since last request: 0.000078 seconds.
  path: Assets/Resources/models/test/_sglg_gear_tyu_light.prefab
  artifactKey: Guid(e6fb52839b8b78f478ac945ce633591f) Importer(815301076,1909f56bfc062723c751e8b465ee728b)
Start importing Assets/Resources/models/test/_sglg_gear_tyu_light.prefab using Guid(e6fb52839b8b78f478ac945ce633591f) Importer(815301076,1909f56bfc062723c751e8b465ee728b) (PreviewImporter) -> (artifact id: '63f9f5fea52570c3a6a587a33a32352f') in 0.0122082 seconds
Number of updated asset objects reloaded before import = 0Number of asset objects unloaded after import = 11

========================================================================
Received Import Request.
  Time since last request: 0.000015 seconds.
  path: Assets/Resources/models/test/_sglg_logo_lightAvatar.asset
  artifactKey: Guid(80f20eb75ff6fef458462994e9709719) Importer(815301076,1909f56bfc062723c751e8b465ee728b)
Start importing Assets/Resources/models/test/_sglg_logo_lightAvatar.asset using Guid(80f20eb75ff6fef458462994e9709719) Importer(815301076,1909f56bfc062723c751e8b465ee728b) (PreviewImporter) -> (artifact id: 'b48b0136265e25ec80c02406e4de4e27') in 0.0009937 seconds
Number of updated asset objects reloaded before import = 0Number of asset objects unloaded after import = 1

========================================================================
Received Import Request.
  Time since last request: 0.000065 seconds.
  path: Assets/Resources/models/test/_sglg_JYD_lightAvatar.asset
  artifactKey: Guid(035b90ed97df20d4a8108ee22e9090e4) Importer(815301076,1909f56bfc062723c751e8b465ee728b)
Start importing Assets/Resources/models/test/_sglg_JYD_lightAvatar.asset using Guid(035b90ed97df20d4a8108ee22e9090e4) Importer(815301076,1909f56bfc062723c751e8b465ee728b) (PreviewImporter) -> (artifact id: '0b819a98039d9ade946efc6b410d309c') in 0.0008289 seconds
Number of updated asset objects reloaded before import = 0Number of asset objects unloaded after import = 1

========================================================================
Received Import Request.
  Time since last request: 0.001319 seconds.
  path: Assets/Resources/models/test/_sglg_noanim.prefab
  artifactKey: Guid(d0230f4aa9556f14dbd76c61713e8650) Importer(815301076,1909f56bfc062723c751e8b465ee728b)
Start importing Assets/Resources/models/test/_sglg_noanim.prefab using Guid(d0230f4aa9556f14dbd76c61713e8650) Importer(815301076,1909f56bfc062723c751e8b465ee728b) (PreviewImporter) -> (artifact id: '2fbb6a096a0aae78329ce768191bce99') in 0.0212078 seconds
Number of updated asset objects reloaded before import = 0Number of asset objects unloaded after import = 48

========================================================================
Received Import Request.
  Time since last request: 0.000017 seconds.
  path: Assets/Resources/models/test/Drum_R.asset
  artifactKey: Guid(eb8e4be3f7d56974c891c32e798f088d) Importer(815301076,1909f56bfc062723c751e8b465ee728b)
Start importing Assets/Resources/models/test/Drum_R.asset using Guid(eb8e4be3f7d56974c891c32e798f088d) Importer(815301076,1909f56bfc062723c751e8b465ee728b) (PreviewImporter) -> (artifact id: '972410fb63bf0581995764166976e6ab') in 0.0130856 seconds
Number of updated asset objects reloaded before import = 0Number of asset objects unloaded after import = 2

========================================================================
Received Import Request.
  Time since last request: 0.000016 seconds.
  path: Assets/Resources/models/test/gia_dai_light_002.asset
  artifactKey: Guid(e81e0245195200b4d8f8713cc12ae189) Importer(815301076,1909f56bfc062723c751e8b465ee728b)
Start importing Assets/Resources/models/test/gia_dai_light_002.asset using Guid(e81e0245195200b4d8f8713cc12ae189) Importer(815301076,1909f56bfc062723c751e8b465ee728b) (PreviewImporter) -> (artifact id: '5936098760913e53c4e0126bb92f23a2') in 0.0138388 seconds
Number of updated asset objects reloaded before import = 0Number of asset objects unloaded after import = 2

========================================================================
Received Import Request.
  Time since last request: 0.000016 seconds.
  path: Assets/Resources/models/test/light_panel_slash.asset
  artifactKey: Guid(39223036e8f7fff4e805a162ddff1bc1) Importer(815301076,1909f56bfc062723c751e8b465ee728b)
Start importing Assets/Resources/models/test/light_panel_slash.asset using Guid(39223036e8f7fff4e805a162ddff1bc1) Importer(815301076,1909f56bfc062723c751e8b465ee728b) (PreviewImporter) -> (artifact id: '0dbd2b731bbb897be2d4cfa0df1096f7') in 0.0146764 seconds
Number of updated asset objects reloaded before import = 0Number of asset objects unloaded after import = 2

========================================================================
Received Import Request.
  Time since last request: 0.000044 seconds.
  path: Assets/Resources/models/test/light_front_eye_L01.asset
  artifactKey: Guid(273bdc4dd49774547a108324d420d6d8) Importer(815301076,1909f56bfc062723c751e8b465ee728b)
Start importing Assets/Resources/models/test/light_front_eye_L01.asset using Guid(273bdc4dd49774547a108324d420d6d8) Importer(815301076,1909f56bfc062723c751e8b465ee728b) (PreviewImporter) -> (artifact id: 'ab5b2b9a8c4e4440d1bd5b80f45dc0ee') in 0.0148296 seconds
Number of updated asset objects reloaded before import = 0Number of asset objects unloaded after import = 2

========================================================================
Received Import Request.
  Time since last request: 0.000020 seconds.
  path: Assets/Resources/models/test/Drum_C_under_light_m.asset
  artifactKey: Guid(093119791f858a4448b1b570e4d094e8) Importer(815301076,1909f56bfc062723c751e8b465ee728b)
Start importing Assets/Resources/models/test/Drum_C_under_light_m.asset using Guid(093119791f858a4448b1b570e4d094e8) Importer(815301076,1909f56bfc062723c751e8b465ee728b) (PreviewImporter) -> (artifact id: 'd693e9cd6c56e66022ed8f94b21aa694') in 0.0142814 seconds
Number of updated asset objects reloaded before import = 0Number of asset objects unloaded after import = 2

========================================================================
Received Import Request.
  Time since last request: 0.000021 seconds.
  path: Assets/Resources/models/test/logo_01_G1.asset
  artifactKey: Guid(955f78d75adc85e4f87f75b3de4550ca) Importer(815301076,1909f56bfc062723c751e8b465ee728b)
Start importing Assets/Resources/models/test/logo_01_G1.asset using Guid(955f78d75adc85e4f87f75b3de4550ca) Importer(815301076,1909f56bfc062723c751e8b465ee728b) (PreviewImporter) -> (artifact id: 'b1fa70bf20bd422da295923b92db9f3d') in 0.0158859 seconds
Number of updated asset objects reloaded before import = 0Number of asset objects unloaded after import = 2

========================================================================
Received Import Request.
  Time since last request: 100.925676 seconds.
  path: Assets/Resources/prefabs/92_kwd/KWS002b.prefab
  artifactKey: Guid(8b2c41d71ceb36d4c9fb5d1d5d98f0e4) Importer(815301076,1909f56bfc062723c751e8b465ee728b)
Start importing Assets/Resources/prefabs/92_kwd/KWS002b.prefab using Guid(8b2c41d71ceb36d4c9fb5d1d5d98f0e4) Importer(815301076,1909f56bfc062723c751e8b465ee728b) (PreviewImporter) -> (artifact id: '4f95736b022f20662314bd7fde42062a') in 0.0121988 seconds
Number of updated asset objects reloaded before import = 0Number of asset objects unloaded after import = 18

========================================================================
Received Import Request.
  Time since last request: 0.000012 seconds.
  path: Assets/Resources/prefabs/92_kwd/KWS005.prefab
  artifactKey: Guid(2f466052f36c2e9419b0d48edd8762dc) Importer(815301076,1909f56bfc062723c751e8b465ee728b)
Start importing Assets/Resources/prefabs/92_kwd/KWS005.prefab using Guid(2f466052f36c2e9419b0d48edd8762dc) Importer(815301076,1909f56bfc062723c751e8b465ee728b) (PreviewImporter) -> (artifact id: '3e1aeb3e86c6e1c075ff15331d703299') in 0.0086717 seconds
Number of updated asset objects reloaded before import = 0Number of asset objects unloaded after import = 15

========================================================================
Received Import Request.
  Time since last request: 20.141946 seconds.
  path: Assets/CRIMW/CriWare/Runtime/CriMw.CriWare.Runtime.asmdef
  artifactKey: Guid(800597811bcc5d848b15e12807d6de45) Importer(815301076,1909f56bfc062723c751e8b465ee728b)
Start importing Assets/CRIMW/CriWare/Runtime/CriMw.CriWare.Runtime.asmdef using Guid(800597811bcc5d848b15e12807d6de45) Importer(815301076,1909f56bfc062723c751e8b465ee728b) (PreviewImporter) -> (artifact id: '109e32672181de0d061174e69d8f9d3f') in 0.0007213 seconds
Number of updated asset objects reloaded before import = 0Number of asset objects unloaded after import = 0

========================================================================
Received Import Request.
  Time since last request: 9.111499 seconds.
  path: Packages/com.unity.2d.tilemap/Editor/Icons/d_EditorUI.Filter@2x.png
  artifactKey: Guid(24a4dd7831e4a46f593e94273994b42c) Importer(815301076,1909f56bfc062723c751e8b465ee728b)
Start importing Packages/com.unity.2d.tilemap/Editor/Icons/d_EditorUI.Filter@2x.png using Guid(24a4dd7831e4a46f593e94273994b42c) Importer(815301076,1909f56bfc062723c751e8b465ee728b) (PreviewImporter) -> (artifact id: '0b0471f9968d461661758439c0ef9d57') in 0.0145851 seconds
Number of updated asset objects reloaded before import = 0Number of asset objects unloaded after import = 3

========================================================================
Received Import Request.
  Time since last request: 0.000041 seconds.
  path: Packages/com.unity.2d.tilemap/Editor/Icons/d_EditorUI.Target@4x.png
  artifactKey: Guid(c7d31ce121f6d6841b01dbcf3d909854) Importer(815301076,1909f56bfc062723c751e8b465ee728b)
Start importing Packages/com.unity.2d.tilemap/Editor/Icons/d_EditorUI.Target@4x.png using Guid(c7d31ce121f6d6841b01dbcf3d909854) Importer(815301076,1909f56bfc062723c751e8b465ee728b) (PreviewImporter) -> (artifact id: '8dd174943dbea0d42207e0aca19bf9a1') in 0.013095 seconds
Number of updated asset objects reloaded before import = 0Number of asset objects unloaded after import = 3

========================================================================
Received Import Request.
  Time since last request: 0.004542 seconds.
  path: Packages/com.unity.2d.tilemap/Editor/Icons/d_EditorUI.Target@2x.png
  artifactKey: Guid(efae8c209fe26f541b3d560f2034287d) Importer(815301076,1909f56bfc062723c751e8b465ee728b)
Start importing Packages/com.unity.2d.tilemap/Editor/Icons/d_EditorUI.Target@2x.png using Guid(efae8c209fe26f541b3d560f2034287d) Importer(815301076,1909f56bfc062723c751e8b465ee728b) (PreviewImporter) -> (artifact id: 'e62b01a282c1d0bfef76f734599ea7af') in 0.0158499 seconds
Number of updated asset objects reloaded before import = 0Number of asset objects unloaded after import = 3

========================================================================
Received Import Request.
  Time since last request: 0.000017 seconds.
  path: Packages/com.unity.2d.tilemap/Editor/Icons/d_Grid.FlipY.png
  artifactKey: Guid(0219184e13f92e94896b4df6846db652) Importer(815301076,1909f56bfc062723c751e8b465ee728b)
Start importing Packages/com.unity.2d.tilemap/Editor/Icons/d_Grid.FlipY.png using Guid(0219184e13f92e94896b4df6846db652) Importer(815301076,1909f56bfc062723c751e8b465ee728b) (PreviewImporter) -> (artifact id: '27694e7fbf3f6cd0145c2b6499eb473d') in 0.0152149 seconds
Number of updated asset objects reloaded before import = 0Number of asset objects unloaded after import = 3

========================================================================
Received Import Request.
  Time since last request: 0.000016 seconds.
  path: Packages/com.unity.2d.tilemap/Editor/Icons/d_Grid.FlipX.png
  artifactKey: Guid(238833eb2176e7d429d5020dc9232155) Importer(815301076,1909f56bfc062723c751e8b465ee728b)
Start importing Packages/com.unity.2d.tilemap/Editor/Icons/d_Grid.FlipX.png using Guid(238833eb2176e7d429d5020dc9232155) Importer(815301076,1909f56bfc062723c751e8b465ee728b) (PreviewImporter) -> (artifact id: '5437d143928a9ea34190d29e3b1a47a1') in 0.0179508 seconds
Number of updated asset objects reloaded before import = 0Number of asset objects unloaded after import = 3

Editor requested this worker to shutdown with reason: Scaling down because of idle timeout
AssetImportWorker is now disconnected from the server
Process exiting
Exiting without the bug reporter. Application will terminate with return code 0